#
# There is insufficient memory for the Java Runtime Environment to continue.
# Native memory allocation (mmap) failed to map 67108864 bytes for Failed to commit area from 0x00000000c1600000 to 0x00000000c5600000 of length 67108864.
# Possible reasons:
#   The system is out of physical RAM or swap space
#   The process is running with CompressedOops enabled, and the Java Heap may be blocking the growth of the native heap
# Possible solutions:
#   Reduce memory load on the system
#   Increase physical memory or swap space
#   Check if swap backing store is full
#   Decrease Java heap size (-Xmx/-Xms)
#   Decrease number of Java threads
#   Decrease Java thread stack sizes (-Xss)
#   Set larger code cache with -XX:ReservedCodeCacheSize=
# This output file may be truncated or incomplete.
#
#  Out of Memory Error (./open/src/hotspot/os/windows/os_windows.cpp:3273), pid=8484, tid=2480
#
# JRE version:  (11.0.11+9) (build )
# Java VM: Java HotSpot(TM) 64-Bit Server VM (11.0.11+9-LTS-194, mixed mode, sharing, tiered, compressed oops, g1 gc, windows-amd64)
# No core dump will be written. Minidumps are not enabled by default on client versions of Windows
#

---------------  S U M M A R Y ------------

Command Line: -Dcom.sun.management.jmxremote -Dcom.sun.management.jmxremote.port=62295 -Dcom.sun.management.jmxremote.authenticate=false -Dcom.sun.management.jmxremote.ssl=false -Djava.rmi.server.hostname=localhost -Dspring.jmx.enabled=true -Dspring.application.admin.enabled=true -XX:TieredStopAtLevel=1 -Dspring.boot.project.name=Authentication-Microservice -Dfile.encoding=UTF-8 com.cognizant.AuthenticationApplication

Host: Intel(R) Core(TM) i3-8130U CPU @ 2.20GHz, 4 cores, 3G,  Windows 10 , 64 bit Build 19041 (10.0.19041.1023)
Time: Fri Jul  2 17:41:54 2021 India Standard Time elapsed time: 0.229009 seconds (0d 0h 0m 0s)

---------------  T H R E A D  ---------------

Current thread (0x000001ecf4e2b800):  JavaThread "Unknown thread" [_thread_in_vm, id=2480, stack(0x000000c5c5300000,0x000000c5c5400000)]

Stack: [0x000000c5c5300000,0x000000c5c5400000]
Native frames: (J=compiled Java code, j=interpreted, Vv=VM code, C=native code)
V  [jvm.dll+0x616f2a]
V  [jvm.dll+0x74de7f]
V  [jvm.dll+0x74f505]
V  [jvm.dll+0x74fb83]
V  [jvm.dll+0x2436d8]
V  [jvm.dll+0x61431a]
V  [jvm.dll+0x6090f5]
V  [jvm.dll+0x2f7eec]
V  [jvm.dll+0x2f7d72]
V  [jvm.dll+0x2fca26]
V  [jvm.dll+0x33efef]
V  [jvm.dll+0x33ea20]
V  [jvm.dll+0x2d5608]
V  [jvm.dll+0x2d6766]
V  [jvm.dll+0x7299e7]
V  [jvm.dll+0x72b28f]
V  [jvm.dll+0x34bd39]
V  [jvm.dll+0x70f360]
V  [jvm.dll+0x3b50df]
V  [jvm.dll+0x3b71e1]
C  [jli.dll+0x520b]
C  [ucrtbase.dll+0x21bb2]
C  [KERNEL32.DLL+0x17034]
C  [ntdll.dll+0x52651]


---------------  P R O C E S S  ---------------

Threads class SMR info:
_java_thread_list=0x000001ecf2ca0720, length=0, elements={
}

Java Threads: ( => current thread )

Other Threads:
  0x000001ecf4e41000 GCTaskThread "GC Thread#0" [stack: 0x000000c5c5400000,0x000000c5c5500000] [id=9532]
  0x000001ecf4e5d000 ConcurrentGCThread "G1 Main Marker" [stack: 0x000000c5c5500000,0x000000c5c5600000] [id=4372]
  0x000001ecf4e5f800 ConcurrentGCThread "G1 Conc#0" [stack: 0x000000c5c5600000,0x000000c5c5700000] [id=4308]

[error occurred during error reporting (printing all threads), id 0xc0000005, EXCEPTION_ACCESS_VIOLATION (0xc0000005) at pc=0x00007ff82cca4857]

VM state:not at safepoint (not fully initialized)

VM Mutex/Monitor currently owned by a thread:  ([mutex/lock_event])
[0x000001ecf4e2ad50] Heap_lock - owner thread: 0x000001ecf4e2b800

Heap address: 0x00000000c1600000, size: 1002 MB, Compressed Oops mode: Non-zero based: 0x00000000c1600000
Narrow klass base: 0x0000000000000000, Narrow klass shift: 0

GC Heap History (0 events):
No events

Deoptimization events (0 events):
No events

Classes redefined (0 events):
No events

Internal exceptions (0 events):
No events

Events (0 events):
No events


Dynamic libraries:
0x00007ff68b160000 - 0x00007ff68b16f000 	C:\Program Files\Java\jdk-11.0.11\bin\javaw.exe
0x00007ff893910000 - 0x00007ff893b05000 	C:\Windows\SYSTEM32\ntdll.dll
0x00007ff893730000 - 0x00007ff8937ed000 	C:\Windows\System32\KERNEL32.DLL
0x00007ff891110000 - 0x00007ff8913d8000 	C:\Windows\System32\KERNELBASE.dll
0x00007ff8913e0000 - 0x00007ff8914e0000 	C:\Windows\System32\ucrtbase.dll
0x00007ff884470000 - 0x00007ff884488000 	C:\Program Files\Java\jdk-11.0.11\bin\jli.dll
0x00007ff88ba40000 - 0x00007ff88ba55000 	C:\Program Files\Java\jdk-11.0.11\bin\VCRUNTIME140.dll
0x00007ff8937f0000 - 0x00007ff89389c000 	C:\Windows\System32\ADVAPI32.dll
0x00007ff8921b0000 - 0x00007ff89224e000 	C:\Windows\System32\msvcrt.dll
0x00007ff8935c0000 - 0x00007ff89365b000 	C:\Windows\System32\sechost.dll
0x00007ff891950000 - 0x00007ff891a7b000 	C:\Windows\System32\RPCRT4.dll
0x00007ff87f850000 - 0x00007ff87faea000 	C:\Windows\WinSxS\amd64_microsoft.windows.common-controls_6595b64144ccf1df_6.0.19041.1052_none_60b8f8fd71f5e8cb\COMCTL32.dll
0x00007ff8933c0000 - 0x00007ff893560000 	C:\Windows\System32\USER32.dll
0x00007ff8924f0000 - 0x00007ff89251a000 	C:\Windows\System32\GDI32.dll
0x00007ff891790000 - 0x00007ff8917b2000 	C:\Windows\System32\win32u.dll
0x00007ff891580000 - 0x00007ff89168b000 	C:\Windows\System32\gdi32full.dll
0x00007ff8914e0000 - 0x00007ff89157d000 	C:\Windows\System32\msvcp_win.dll
0x00007ff88b490000 - 0x00007ff88b49a000 	C:\Windows\SYSTEM32\VERSION.dll
0x00007ff892ab0000 - 0x00007ff892ae0000 	C:\Windows\System32\IMM32.DLL
0x00007ff83edf0000 - 0x00007ff83ee8b000 	C:\Program Files\Java\jdk-11.0.11\bin\msvcp140.dll
0x00007ff82c9c0000 - 0x00007ff82d4be000 	C:\Program Files\Java\jdk-11.0.11\bin\server\jvm.dll
0x00007ff892450000 - 0x00007ff892458000 	C:\Windows\System32\PSAPI.DLL
0x00007ff8866c0000 - 0x00007ff8866e7000 	C:\Windows\SYSTEM32\WINMM.dll
0x00007ff889720000 - 0x00007ff889729000 	C:\Windows\SYSTEM32\WSOCK32.dll
0x00007ff892540000 - 0x00007ff8925ab000 	C:\Windows\System32\WS2_32.dll
0x00007ff88f900000 - 0x00007ff88f912000 	C:\Windows\SYSTEM32\kernel.appcore.dll
0x00007ff8849a0000 - 0x00007ff8849b0000 	C:\Program Files\Java\jdk-11.0.11\bin\verify.dll
0x00007ff88f6a0000 - 0x00007ff88f884000 	C:\Windows\SYSTEM32\DBGHELP.DLL
0x00007ff87e270000 - 0x00007ff87e29c000 	C:\Windows\SYSTEM32\dbgcore.DLL
0x00007ff891080000 - 0x00007ff891103000 	C:\Windows\System32\bcryptPrimitives.dll
0x00007ff86db40000 - 0x00007ff86db68000 	C:\Program Files\Java\jdk-11.0.11\bin\java.dll
0x00007ff880ea0000 - 0x00007ff880eaa000 	C:\Program Files\Java\jdk-11.0.11\bin\jimage.dll
0x00007ff872e80000 - 0x00007ff872e96000 	C:\Program Files\Java\jdk-11.0.11\bin\zip.dll

dbghelp: loaded successfully - version: 4.0.5 - missing functions: none
symbol engine: initialized successfully - sym options: 0x614 - pdb path: .;C:\Program Files\Java\jdk-11.0.11\bin;C:\Windows\SYSTEM32;C:\Windows\WinSxS\amd64_microsoft.windows.common-controls_6595b64144ccf1df_6.0.19041.1052_none_60b8f8fd71f5e8cb;C:\Program Files\Java\jdk-11.0.11\bin\server

VM Arguments:
jvm_args: -Dcom.sun.management.jmxremote -Dcom.sun.management.jmxremote.port=62295 -Dcom.sun.management.jmxremote.authenticate=false -Dcom.sun.management.jmxremote.ssl=false -Djava.rmi.server.hostname=localhost -Dspring.jmx.enabled=true -Dspring.application.admin.enabled=true -XX:TieredStopAtLevel=1 -Dspring.boot.project.name=Authentication-Microservice -Dfile.encoding=UTF-8 
java_command: com.cognizant.AuthenticationApplication
java_class_path (initial): C:\Users\LENOVO\Desktop\Cognizant Final Project\Project Final Backend\Authentication-Microservice\target\classes;C:\Users\LENOVO\.p2\pool\plugins\org.junit_4.13.0.v20200204-1500.jar;C:\Users\LENOVO\.p2\pool\plugins\org.hamcrest.core_1.3.0.v20180420-1519.jar;C:\Users\LENOVO\.m2\repository\org\springframework\boot\spring-boot-starter-data-jpa\2.5.1\spring-boot-starter-data-jpa-2.5.1.jar;C:\Users\LENOVO\.m2\repository\org\springframework\boot\spring-boot-starter-aop\2.5.1\spring-boot-starter-aop-2.5.1.jar;C:\Users\LENOVO\.m2\repository\org\aspectj\aspectjweaver\1.9.6\aspectjweaver-1.9.6.jar;C:\Users\LENOVO\.m2\repository\org\springframework\boot\spring-boot-starter-jdbc\2.5.1\spring-boot-starter-jdbc-2.5.1.jar;C:\Users\LENOVO\.m2\repository\com\zaxxer\HikariCP\4.0.3\HikariCP-4.0.3.jar;C:\Users\LENOVO\.m2\repository\org\springframework\spring-jdbc\5.3.8\spring-jdbc-5.3.8.jar;C:\Users\LENOVO\.m2\repository\jakarta\transaction\jakarta.transaction-api\1.3.3\jakarta.transaction-api-1.3.3.jar;C:\Users\LENOVO\.m2\repository\jakarta\persistence\jakarta.persistence-api\2.2.3\jakarta.persistence-api-2.2.3.jar;C:\Users\LENOVO\.m2\repository\org\hibernate\hibernate-core\5.4.32.Final\hibernate-core-5.4.32.Final.jar;C:\Users\LENOVO\.m2\repository\org\jboss\logging\jboss-logging\3.4.2.Final\jboss-logging-3.4.2.Final.jar;C:\Users\LENOVO\.m2\repository\org\javassist\javassist\3.27.0-GA\javassist-3.27.0-GA.jar;C:\Users\LENOVO\.m2\repository\net\bytebuddy\byte-buddy\1.10.22\byte-buddy-1.10.22.jar;C:\Users\LENOVO\.m2\repository\antlr\antlr\2.7.7\antlr-2.7.7.jar;C:\Users\LENOVO\.m2\repository\org\jboss\jandex\2.2.3.Final\jandex-2.2.3.Final.jar;C:\Users\LENOVO\.m2\repository\org\dom4j\dom4j\2.1.3\dom4j-2.1.3.jar;C:\Users\LENOVO\.m2\repository\org\hibernate\common\hibernate-commons-annotations\5.1.2.Final\hibernate-commons-annotations-5.1.2.Final.jar;C:\Users\LENOVO\.m2\repository\org\glassfish\jaxb\jaxb-runtime\2.3.4\jaxb-runtime-2.3.4.jar;C:\Users\LENOVO\.m2\re
Launcher Type: SUN_STANDARD

[Global flags]
     intx CICompilerCount                          = 3                                         {product} {ergonomic}
     uint ConcGCThreads                            = 1                                         {product} {ergonomic}
     uint G1ConcRefinementThreads                  = 4                                         {product} {ergonomic}
   size_t G1HeapRegionSize                         = 1048576                                   {product} {ergonomic}
    uintx GCDrainStackTargetSize                   = 64                                        {product} {ergonomic}
   size_t InitialHeapSize                          = 67108864                                  {product} {ergonomic}
     bool ManagementServer                         = true                                      {product} {command line}
   size_t MarkStackSize                            = 4194304                                   {product} {ergonomic}
   size_t MaxHeapSize                              = 1050673152                                {product} {ergonomic}
   size_t MinHeapDeltaBytes                        = 1048576                                   {product} {ergonomic}
    uintx NonNMethodCodeHeapSize                   = 6973028                                {pd product} {ergonomic}
    uintx NonProfiledCodeHeapSize                  = 244685212                              {pd product} {ergonomic}
    uintx ProfiledCodeHeapSize                     = 0                                      {pd product} {ergonomic}
    uintx ReservedCodeCacheSize                    = 251658240                              {pd product} {ergonomic}
     bool SegmentedCodeCache                       = true                                      {product} {ergonomic}
     intx TieredStopAtLevel                        = 1                                         {product} {command line}
     bool UseCompressedClassPointers               = true                                 {lp64_product} {ergonomic}
     bool UseCompressedOops                        = true                                 {lp64_product} {ergonomic}
     bool UseG1GC                                  = true                                      {product} {ergonomic}
     bool UseLargePagesIndividualAllocation        = false                                  {pd product} {ergonomic}

Logging:
Log output configuration:
 #0: stdout all=warning uptime,level,tags
 #1: stderr all=off uptime,level,tags

Environment Variables:
JAVA_HOME=C:\Program Files\Java\jdk-11.0.11\bin
PATH=C:\Python39\Scripts\;C:\Python39\;C:\Program Files\Common Files\Oracle\Java\javapath;C:\Windows\system32;C:\Windows;C:\Windows\System32\Wbem;C:\Windows\System32\WindowsPowerShell\v1.0\;C:\Windows\System32\OpenSSH\;C:\Program Files\Git\cmd;C:\Program Files\nodejs\;C:\ProgramData\chocolatey\bin;C:\Program Files\PuTTY\;C:\Program Files\Docker\Docker\resources\bin;C:\ProgramData\DockerDesktop\version-bin;C:\Program Files\Amazon\AWSCLIV2\;C:\Program Files\MySQL\MySQL Shell 8.0\bin\;C:\Users\LENOVO\AppData\Local\Microsoft\WindowsApps;C:\Program Files\Java\jdk-11.0.11\bin;C:\Users\LENOVO\Desktop\apache-maven-3.8.1-bin\apache-maven-3.8.1\bin;C:\Users\LENOVO\AppData\Roaming\npm;C:\Users\LENOVO\AppData\Local\Programs\Microsoft VS Code\bin;C:\Users\LENOVO\Desktop\apache-tomcat-9.0.46;
USERNAME=LENOVO
OS=Windows_NT
PROCESSOR_IDENTIFIER=Intel64 Family 6 Model 142 Stepping 10, GenuineIntel



---------------  S Y S T E M  ---------------

OS: Windows 10 , 64 bit Build 19041 (10.0.19041.1023)
Hyper-V role detected

CPU:total 4 (initial active 4) (2 cores per cpu, 2 threads per core) family 6 model 142 stepping 10 microcode 0xe0, cmov, cx8, fxsr, mmx, sse, sse2, sse3, ssse3, sse4.1, sse4.2, popcnt, avx, avx2, aes, clmul, erms, 3dnowpref, lzcnt, ht, tsc, tscinvbit, bmi1, bmi2, adx, fma

Memory: 4k page, system-wide physical 4005M (192M free)
TotalPageFile size 16293M (AvailPageFile size 67M)
current process WorkingSet (physical memory assigned to process): 9M, peak: 9M
current process commit charge ("private bytes"): 49M, peak: 113M

vm_info: Java HotSpot(TM) 64-Bit Server VM (11.0.11+9-LTS-194) for windows-amd64 JRE (11.0.11+9-LTS-194), built on Mar 18 2021 18:46:53 by "mach5one" with MS VC++ 15.9 (VS2017)

END.
