#
# There is insufficient memory for the Java Runtime Environment to continue.
# Native memory allocation (malloc) failed to allocate 32744 bytes for ChunkPool::allocate
# Possible reasons:
#   The system is out of physical RAM or swap space
#   The process is running with CompressedOops enabled, and the Java Heap may be blocking the growth of the native heap
# Possible solutions:
#   Reduce memory load on the system
#   Increase physical memory or swap space
#   Check if swap backing store is full
#   Decrease Java heap size (-Xmx/-Xms)
#   Decrease number of Java threads
#   Decrease Java thread stack sizes (-Xss)
#   Set larger code cache with -XX:ReservedCodeCacheSize=
#   JVM is running with Unscaled Compressed Oops mode in which the Java heap is
#     placed in the first 4GB address space. The Java Heap base address is the
#     maximum limit for the native heap growth. Please use -XX:HeapBaseMinAddress
#     to set the Java Heap base and to place the Java Heap above 4GB virtual address.
# This output file may be truncated or incomplete.
#
#  Out of Memory Error (./open/src/hotspot/share/memory/arena.cpp:81), pid=14252, tid=15804
#
# JRE version: Java(TM) SE Runtime Environment 18.9 (11.0.11+9) (build 11.0.11+9-LTS-194)
# Java VM: Java HotSpot(TM) 64-Bit Server VM 18.9 (11.0.11+9-LTS-194, mixed mode, tiered, compressed oops, g1 gc, windows-amd64)
# No core dump will be written. Minidumps are not enabled by default on client versions of Windows
#

---------------  S U M M A R Y ------------

Command Line: -Dcom.sun.management.jmxremote -Dcom.sun.management.jmxremote.port=58353 -Dcom.sun.management.jmxremote.authenticate=false -Dcom.sun.management.jmxremote.ssl=false -Djava.rmi.server.hostname=localhost -Dspring.jmx.enabled=true -Dspring.application.admin.enabled=true -XX:TieredStopAtLevel=1 -Dspring.boot.project.name=Authentication-Microservice -Dfile.encoding=UTF-8 com.cognizant.AuthenticationApplication

Host: Intel(R) Core(TM) i3-8130U CPU @ 2.20GHz, 4 cores, 3G,  Windows 10 , 64 bit Build 19041 (10.0.19041.1023)
Time: Fri Jul  2 17:42:48 2021 India Standard Time elapsed time: 10.357653 seconds (0d 0h 0m 10s)

---------------  T H R E A D  ---------------

Current thread (0x0000025eac92e800):  JavaThread "C1 CompilerThread0" daemon [_thread_in_native, id=15804, stack(0x000000789b700000,0x000000789b800000)]


Current CompileTask:
C1:  10357 2786       1       org.springframework.asm.ClassReader::accept (1401 bytes)

Stack: [0x000000789b700000,0x000000789b800000]
Native frames: (J=compiled Java code, j=interpreted, Vv=VM code, C=native code)
V  [jvm.dll+0x616f2a]
V  [jvm.dll+0x74de7f]
V  [jvm.dll+0x74f505]
V  [jvm.dll+0x74fb83]
V  [jvm.dll+0x2436d8]
V  [jvm.dll+0xbaa2b]
V  [jvm.dll+0xbad8c]
V  [jvm.dll+0x109486]
V  [jvm.dll+0x17c201]
V  [jvm.dll+0x11fc01]
V  [jvm.dll+0x11fe70]
V  [jvm.dll+0x12012f]
V  [jvm.dll+0x11f3d7]
V  [jvm.dll+0x1212e7]
V  [jvm.dll+0x20b68c]
V  [jvm.dll+0x20978b]
V  [jvm.dll+0x7152c9]
V  [jvm.dll+0x70dfc4]
V  [jvm.dll+0x6160f6]
C  [ucrtbase.dll+0x21bb2]
C  [KERNEL32.DLL+0x17034]
C  [ntdll.dll+0x52651]


---------------  P R O C E S S  ---------------

Threads class SMR info:
_java_thread_list=0x0000025eaecad0b0, length=19, elements={
0x0000025e8eaed800, 0x0000025eac8d4800, 0x0000025eac8de000, 0x0000025eac92b800,
0x0000025eac92c800, 0x0000025eac92e800, 0x0000025eac953800, 0x0000025eac884800,
0x0000025ead460800, 0x0000025eadb2f000, 0x0000025eadb50000, 0x0000025eadb51000,
0x0000025eadc84800, 0x0000025eadcd8800, 0x0000025eadb20000, 0x0000025eadcf7000,
0x0000025eadd04800, 0x0000025eaeb01000, 0x0000025eaec8b800
}

Java Threads: ( => current thread )
  0x0000025e8eaed800 JavaThread "main" [_thread_blocked, id=5748, stack(0x000000789ac00000,0x000000789ad00000)]
  0x0000025eac8d4800 JavaThread "Reference Handler" daemon [_thread_blocked, id=16940, stack(0x000000789b300000,0x000000789b400000)]
  0x0000025eac8de000 JavaThread "Finalizer" daemon [_thread_blocked, id=1304, stack(0x000000789b400000,0x000000789b500000)]
  0x0000025eac92b800 JavaThread "Signal Dispatcher" daemon [_thread_blocked, id=7972, stack(0x000000789b500000,0x000000789b600000)]
  0x0000025eac92c800 JavaThread "Attach Listener" daemon [_thread_blocked, id=7772, stack(0x000000789b600000,0x000000789b700000)]
=>0x0000025eac92e800 JavaThread "C1 CompilerThread0" daemon [_thread_in_native, id=15804, stack(0x000000789b700000,0x000000789b800000)]
  0x0000025eac953800 JavaThread "Sweeper thread" daemon [_thread_blocked, id=14232, stack(0x000000789b800000,0x000000789b900000)]
  0x0000025eac884800 JavaThread "Common-Cleaner" daemon [_thread_blocked, id=12316, stack(0x000000789b900000,0x000000789ba00000)]
  0x0000025ead460800 JavaThread "Service Thread" daemon [_thread_blocked, id=15652, stack(0x000000789ba00000,0x000000789bb00000)]
  0x0000025eadb2f000 JavaThread "RMI TCP Accept-0" daemon [_thread_in_native, id=10644, stack(0x000000789bc00000,0x000000789bd00000)]
  0x0000025eadb50000 JavaThread "RMI TCP Accept-58353" daemon [_thread_in_native, id=16124, stack(0x000000789bd00000,0x000000789be00000)]
  0x0000025eadb51000 JavaThread "RMI TCP Accept-0" daemon [_thread_in_native, id=8232, stack(0x000000789be00000,0x000000789bf00000)]
  0x0000025eadc84800 JavaThread "RMI TCP Connection(1)-127.0.0.1" daemon [_thread_in_native, id=11180, stack(0x000000789c000000,0x000000789c100000)]
  0x0000025eadcd8800 JavaThread "RMI Scheduler(0)" daemon [_thread_blocked, id=9472, stack(0x000000789c100000,0x000000789c200000)]
  0x0000025eadb20000 JavaThread "RMI TCP Connection(2)-127.0.0.1" daemon [_thread_in_native, id=14000, stack(0x000000789c200000,0x000000789c300000)]
  0x0000025eadcf7000 JavaThread "JMX server connection timeout 19" daemon [_thread_blocked, id=12052, stack(0x000000789c300000,0x000000789c400000)]
  0x0000025eadd04800 JavaThread "Thread-0" [_thread_blocked, id=7156, stack(0x000000789c400000,0x000000789c500000)]
  0x0000025eaeb01000 JavaThread "restartedMain" [_thread_in_native, id=15808, stack(0x000000789c500000,0x000000789c600000)]
  0x0000025eaec8b800 JavaThread "background-preinit" [_thread_in_native, id=5520, stack(0x000000789c800000,0x000000789c900000)]

Other Threads:
  0x0000025eac8ab000 VMThread "VM Thread" [stack: 0x000000789b200000,0x000000789b300000] [id=15016]
  0x0000025eadbd0800 WatcherThread [stack: 0x000000789bf00000,0x000000789c000000] [id=12772]
  0x0000025e8eb03000 GCTaskThread "GC Thread#0" [stack: 0x000000789ad00000,0x000000789ae00000] [id=15864]
  0x0000025ead9de800 GCTaskThread "GC Thread#1" [stack: 0x000000789bb00000,0x000000789bc00000] [id=9980]
  0x0000025eaeb42000 GCTaskThread "GC Thread#2" [stack: 0x000000789c600000,0x000000789c700000] [id=12504]
  0x0000025eaeb42800 GCTaskThread "GC Thread#3" [stack: 0x000000789c700000,0x000000789c800000] [id=16116]
  0x0000025e8eb1c800 ConcurrentGCThread "G1 Main Marker" [stack: 0x000000789ae00000,0x000000789af00000] [id=3292]
  0x0000025e8eb1f800 ConcurrentGCThread "G1 Conc#0" [stack: 0x000000789af00000,0x000000789b000000] [id=4652]
  0x0000025e8eb76000 ConcurrentGCThread "G1 Refine#0" [stack: 0x000000789b000000,0x000000789b100000] [id=16132]
  0x0000025e8eb79000 ConcurrentGCThread "G1 Young RemSet Sampling" [stack: 0x000000789b100000,0x000000789b200000] [id=15812]

Threads with active compile tasks:
C1 CompilerThread0  10428 2786       1       org.springframework.asm.ClassReader::accept (1401 bytes)

VM state:not at safepoint (normal execution)

VM Mutex/Monitor currently owned by a thread: None

Heap address: 0x00000000c1600000, size: 1002 MB, Compressed Oops mode: 32-bit
Narrow klass base: 0x0000000000000000, Narrow klass shift: 3
Compressed class space size: 1073741824 Address: 0x0000000100000000

Heap:
 garbage-first heap   total 65536K, used 29473K [0x00000000c1600000, 0x0000000100000000)
  region size 1024K, 20 young (20480K), 4 survivors (4096K)
 Metaspace       used 29033K, capacity 29893K, committed 30208K, reserved 1075200K
  class space    used 3623K, capacity 3975K, committed 4096K, reserved 1048576K
Heap Regions: E=young(eden), S=young(survivor), O=old, HS=humongous(starts), HC=humongous(continues), CS=collection set, F=free, A=archive, TAMS=top-at-mark-start (previous, next)
|   0|0x00000000c1600000, 0x00000000c1700000, 0x00000000c1700000|100%|HS|  |TAMS 0x00000000c1700000, 0x00000000c1600000| Complete 
|   1|0x00000000c1700000, 0x00000000c1800000, 0x00000000c1800000|100%| O|  |TAMS 0x00000000c1800000, 0x00000000c1700000| Untracked 
|   2|0x00000000c1800000, 0x00000000c1900000, 0x00000000c1900000|100%| O|  |TAMS 0x00000000c1900000, 0x00000000c1800000| Untracked 
|   3|0x00000000c1900000, 0x00000000c1a00000, 0x00000000c1a00000|100%| O|  |TAMS 0x00000000c1a00000, 0x00000000c1900000| Untracked 
|   4|0x00000000c1a00000, 0x00000000c1b00000, 0x00000000c1b00000|100%| O|  |TAMS 0x00000000c1b00000, 0x00000000c1a00000| Untracked 
|   5|0x00000000c1b00000, 0x00000000c1c00000, 0x00000000c1c00000|100%| O|  |TAMS 0x00000000c1c00000, 0x00000000c1b00000| Untracked 
|   6|0x00000000c1c00000, 0x00000000c1d00000, 0x00000000c1d00000|100%| O|  |TAMS 0x00000000c1d00000, 0x00000000c1c00000| Untracked 
|   7|0x00000000c1d00000, 0x00000000c1e00000, 0x00000000c1e00000|100%| O|  |TAMS 0x00000000c1e00000, 0x00000000c1d00000| Untracked 
|   8|0x00000000c1e00000, 0x00000000c1f00000, 0x00000000c1f00000|100%| O|  |TAMS 0x00000000c1f00000, 0x00000000c1e00000| Untracked 
|   9|0x00000000c1f00000, 0x00000000c2000000, 0x00000000c2000000|100%| O|  |TAMS 0x00000000c1f35e00, 0x00000000c1f00000| Untracked 
|  10|0x00000000c2000000, 0x00000000c2008200, 0x00000000c2100000|  3%| O|  |TAMS 0x00000000c2000000, 0x00000000c2000000| Untracked 
|  11|0x00000000c2100000, 0x00000000c2100000, 0x00000000c2200000|  0%| F|  |TAMS 0x00000000c2100000, 0x00000000c2100000| Untracked 
|  12|0x00000000c2200000, 0x00000000c2200000, 0x00000000c2300000|  0%| F|  |TAMS 0x00000000c2200000, 0x00000000c2200000| Untracked 
|  13|0x00000000c2300000, 0x00000000c2300000, 0x00000000c2400000|  0%| F|  |TAMS 0x00000000c2300000, 0x00000000c2300000| Untracked 
|  14|0x00000000c2400000, 0x00000000c2400000, 0x00000000c2500000|  0%| F|  |TAMS 0x00000000c2400000, 0x00000000c2400000| Untracked 
|  15|0x00000000c2500000, 0x00000000c2500000, 0x00000000c2600000|  0%| F|  |TAMS 0x00000000c2500000, 0x00000000c2500000| Untracked 
|  16|0x00000000c2600000, 0x00000000c2600000, 0x00000000c2700000|  0%| F|  |TAMS 0x00000000c2600000, 0x00000000c2600000| Untracked 
|  17|0x00000000c2700000, 0x00000000c2700000, 0x00000000c2800000|  0%| F|  |TAMS 0x00000000c2700000, 0x00000000c2700000| Untracked 
|  18|0x00000000c2800000, 0x00000000c2800000, 0x00000000c2900000|  0%| F|  |TAMS 0x00000000c2800000, 0x00000000c2800000| Untracked 
|  19|0x00000000c2900000, 0x00000000c2900000, 0x00000000c2a00000|  0%| F|  |TAMS 0x00000000c2900000, 0x00000000c2900000| Untracked 
|  20|0x00000000c2a00000, 0x00000000c2a00000, 0x00000000c2b00000|  0%| F|  |TAMS 0x00000000c2a00000, 0x00000000c2a00000| Untracked 
|  21|0x00000000c2b00000, 0x00000000c2b00000, 0x00000000c2c00000|  0%| F|  |TAMS 0x00000000c2b00000, 0x00000000c2b00000| Untracked 
|  22|0x00000000c2c00000, 0x00000000c2c00000, 0x00000000c2d00000|  0%| F|  |TAMS 0x00000000c2c00000, 0x00000000c2c00000| Untracked 
|  23|0x00000000c2d00000, 0x00000000c2d00000, 0x00000000c2e00000|  0%| F|  |TAMS 0x00000000c2d00000, 0x00000000c2d00000| Untracked 
|  24|0x00000000c2e00000, 0x00000000c2e00000, 0x00000000c2f00000|  0%| F|  |TAMS 0x00000000c2e00000, 0x00000000c2e00000| Untracked 
|  25|0x00000000c2f00000, 0x00000000c2f00000, 0x00000000c3000000|  0%| F|  |TAMS 0x00000000c2f00000, 0x00000000c2f00000| Untracked 
|  26|0x00000000c3000000, 0x00000000c30c04b8, 0x00000000c3100000| 75%| S|CS|TAMS 0x00000000c3000000, 0x00000000c3000000| Complete 
|  27|0x00000000c3100000, 0x00000000c3200000, 0x00000000c3200000|100%| S|CS|TAMS 0x00000000c3100000, 0x00000000c3100000| Complete 
|  28|0x00000000c3200000, 0x00000000c3300000, 0x00000000c3300000|100%| S|CS|TAMS 0x00000000c3200000, 0x00000000c3200000| Complete 
|  29|0x00000000c3300000, 0x00000000c3400000, 0x00000000c3400000|100%| S|CS|TAMS 0x00000000c3300000, 0x00000000c3300000| Complete 
|  30|0x00000000c3400000, 0x00000000c3400000, 0x00000000c3500000|  0%| F|  |TAMS 0x00000000c3400000, 0x00000000c3400000| Untracked 
|  31|0x00000000c3500000, 0x00000000c3500000, 0x00000000c3600000|  0%| F|  |TAMS 0x00000000c3500000, 0x00000000c3500000| Untracked 
|  32|0x00000000c3600000, 0x00000000c3600000, 0x00000000c3700000|  0%| F|  |TAMS 0x00000000c3600000, 0x00000000c3600000| Untracked 
|  33|0x00000000c3700000, 0x00000000c3700000, 0x00000000c3800000|  0%| F|  |TAMS 0x00000000c3700000, 0x00000000c3700000| Untracked 
|  34|0x00000000c3800000, 0x00000000c3800000, 0x00000000c3900000|  0%| F|  |TAMS 0x00000000c3800000, 0x00000000c3800000| Untracked 
|  35|0x00000000c3900000, 0x00000000c3900000, 0x00000000c3a00000|  0%| F|  |TAMS 0x00000000c3900000, 0x00000000c3900000| Untracked 
|  36|0x00000000c3a00000, 0x00000000c3a00000, 0x00000000c3b00000|  0%| F|  |TAMS 0x00000000c3a00000, 0x00000000c3a00000| Untracked 
|  37|0x00000000c3b00000, 0x00000000c3b00000, 0x00000000c3c00000|  0%| F|  |TAMS 0x00000000c3b00000, 0x00000000c3b00000| Untracked 
|  38|0x00000000c3c00000, 0x00000000c3c00000, 0x00000000c3d00000|  0%| F|  |TAMS 0x00000000c3c00000, 0x00000000c3c00000| Untracked 
|  39|0x00000000c3d00000, 0x00000000c3d00000, 0x00000000c3e00000|  0%| F|  |TAMS 0x00000000c3d00000, 0x00000000c3d00000| Untracked 
|  40|0x00000000c3e00000, 0x00000000c3e00000, 0x00000000c3f00000|  0%| F|  |TAMS 0x00000000c3e00000, 0x00000000c3e00000| Untracked 
|  41|0x00000000c3f00000, 0x00000000c3f00000, 0x00000000c4000000|  0%| F|  |TAMS 0x00000000c3f00000, 0x00000000c3f00000| Untracked 
|  42|0x00000000c4000000, 0x00000000c4000000, 0x00000000c4100000|  0%| F|  |TAMS 0x00000000c4000000, 0x00000000c4000000| Untracked 
|  43|0x00000000c4100000, 0x00000000c4100000, 0x00000000c4200000|  0%| F|  |TAMS 0x00000000c4100000, 0x00000000c4100000| Untracked 
|  44|0x00000000c4200000, 0x00000000c4200000, 0x00000000c4300000|  0%| F|  |TAMS 0x00000000c4200000, 0x00000000c4200000| Untracked 
|  45|0x00000000c4300000, 0x00000000c4300000, 0x00000000c4400000|  0%| F|  |TAMS 0x00000000c4300000, 0x00000000c4300000| Untracked 
|  46|0x00000000c4400000, 0x00000000c4400000, 0x00000000c4500000|  0%| F|  |TAMS 0x00000000c4400000, 0x00000000c4400000| Untracked 
|  47|0x00000000c4500000, 0x00000000c4500000, 0x00000000c4600000|  0%| F|  |TAMS 0x00000000c4500000, 0x00000000c4500000| Untracked 
|  48|0x00000000c4600000, 0x00000000c46e0cb0, 0x00000000c4700000| 87%| E|  |TAMS 0x00000000c4600000, 0x00000000c4600000| Complete 
|  49|0x00000000c4700000, 0x00000000c4800000, 0x00000000c4800000|100%| E|CS|TAMS 0x00000000c4700000, 0x00000000c4700000| Complete 
|  50|0x00000000c4800000, 0x00000000c4900000, 0x00000000c4900000|100%| E|CS|TAMS 0x00000000c4800000, 0x00000000c4800000| Complete 
|  51|0x00000000c4900000, 0x00000000c4a00000, 0x00000000c4a00000|100%| E|CS|TAMS 0x00000000c4900000, 0x00000000c4900000| Complete 
|  52|0x00000000c4a00000, 0x00000000c4b00000, 0x00000000c4b00000|100%| E|CS|TAMS 0x00000000c4a00000, 0x00000000c4a00000| Complete 
|  53|0x00000000c4b00000, 0x00000000c4c00000, 0x00000000c4c00000|100%| E|CS|TAMS 0x00000000c4b00000, 0x00000000c4b00000| Complete 
|  54|0x00000000c4c00000, 0x00000000c4d00000, 0x00000000c4d00000|100%| E|CS|TAMS 0x00000000c4c00000, 0x00000000c4c00000| Complete 
|  55|0x00000000c4d00000, 0x00000000c4e00000, 0x00000000c4e00000|100%| E|CS|TAMS 0x00000000c4d00000, 0x00000000c4d00000| Complete 
|  56|0x00000000c4e00000, 0x00000000c4f00000, 0x00000000c4f00000|100%| E|CS|TAMS 0x00000000c4e00000, 0x00000000c4e00000| Complete 
|  57|0x00000000c4f00000, 0x00000000c5000000, 0x00000000c5000000|100%| E|CS|TAMS 0x00000000c4f00000, 0x00000000c4f00000| Complete 
|  58|0x00000000c5000000, 0x00000000c5100000, 0x00000000c5100000|100%| E|CS|TAMS 0x00000000c5000000, 0x00000000c5000000| Complete 
|  59|0x00000000c5100000, 0x00000000c5200000, 0x00000000c5200000|100%| E|CS|TAMS 0x00000000c5100000, 0x00000000c5100000| Complete 
|  60|0x00000000c5200000, 0x00000000c5300000, 0x00000000c5300000|100%| E|CS|TAMS 0x00000000c5200000, 0x00000000c5200000| Complete 
|  61|0x00000000c5300000, 0x00000000c5400000, 0x00000000c5400000|100%| E|CS|TAMS 0x00000000c5300000, 0x00000000c5300000| Complete 
|  62|0x00000000c5400000, 0x00000000c5500000, 0x00000000c5500000|100%| E|CS|TAMS 0x00000000c5400000, 0x00000000c5400000| Complete 
|  63|0x00000000c5500000, 0x00000000c5600000, 0x00000000c5600000|100%| E|CS|TAMS 0x00000000c5500000, 0x00000000c5500000| Complete 

Card table byte_map: [0x0000025ea7f90000,0x0000025ea8190000] _byte_map_base: 0x0000025ea7985000

Marking Bits (Prev, Next): (CMBitMap*) 0x0000025e8eb17a50, (CMBitMap*) 0x0000025e8eb17a18
 Prev Bits: [0x0000025ea9340000, 0x0000025eaa2e8000)
 Next Bits: [0x0000025ea8390000, 0x0000025ea9338000)

Polling page: 0x0000025e8ebc0000

Metaspace:

Usage:
  Non-class:     25.37 MB capacity,    24.83 MB ( 98%) used,   461.35 KB (  2%) free+waste,    97.44 KB ( <1%) overhead. 
      Class:      3.88 MB capacity,     3.54 MB ( 91%) used,   300.66 KB (  8%) free+waste,    49.50 KB (  1%) overhead. 
       Both:     29.25 MB capacity,    28.37 MB ( 97%) used,   762.01 KB (  3%) free+waste,   146.94 KB ( <1%) overhead. 

Virtual space:
  Non-class space:       26.00 MB reserved,      25.50 MB ( 98%) committed 
      Class space:        1.00 GB reserved,       4.00 MB ( <1%) committed 
             Both:        1.03 GB reserved,      29.50 MB (  3%) committed 

Chunk freelists:
   Non-Class:  256 bytes
       Class:  3.13 KB
        Both:  3.38 KB

CodeHeap 'non-profiled nmethods': size=238912Kb used=4027Kb max_used=4027Kb free=234884Kb
 bounds [0x0000025e98e10000, 0x0000025e99200000, 0x0000025ea7760000]
CodeHeap 'non-nmethods': size=6848Kb used=1153Kb max_used=1153Kb free=5694Kb
 bounds [0x0000025e98760000, 0x0000025e989d0000, 0x0000025e98e10000]
 total_blobs=3269 nmethods=2784 adapters=411
 compilation: enabled
              stopped_count=0, restarted_count=0
 full_count=0

Compilation events (10 events):
Event: 10.317 Thread 0x0000025eac92e800 nmethod 2781 0x0000025e991fd090 code [0x0000025e991fd240, 0x0000025e991fd398]
Event: 10.317 Thread 0x0000025eac92e800 2782       1       sun.net.www.protocol.jar.JarURLConnection::setUseCaches (9 bytes)
Event: 10.317 Thread 0x0000025eac92e800 nmethod 2782 0x0000025e991fd490 code [0x0000025e991fd640, 0x0000025e991fd728]
Event: 10.317 Thread 0x0000025eac92e800 2783   !   1       sun.net.www.protocol.jar.JarFileFactory::get (146 bytes)
Event: 10.318 Thread 0x0000025eac92e800 nmethod 2783 0x0000025e991fd790 code [0x0000025e991fd9e0, 0x0000025e991fe1a8]
Event: 10.337 Thread 0x0000025eac92e800 2784       1       org.springframework.core.annotation.MergedAnnotationsCollection$AnnotationsSpliterator::characteristics (4 bytes)
Event: 10.337 Thread 0x0000025eac92e800 nmethod 2784 0x0000025e991fe710 code [0x0000025e991fe8a0, 0x0000025e991fe958]
Event: 10.344 Thread 0x0000025eac92e800 2785       1       org.springframework.util.ResourceUtils::useCachesIfNecessary (17 bytes)
Event: 10.345 Thread 0x0000025eac92e800 nmethod 2785 0x0000025e991fea10 code [0x0000025e991febe0, 0x0000025e991fedb8]
Event: 10.348 Thread 0x0000025eac92e800 2786       1       org.springframework.asm.ClassReader::accept (1401 bytes)

GC Heap History (10 events):
Event: 6.479 GC heap before
{Heap before GC invocations=3 (full 0):
 garbage-first heap   total 65536K, used 33072K [0x00000000c1600000, 0x0000000100000000)
  region size 1024K, 25 young (25600K), 2 survivors (2048K)
 Metaspace       used 15986K, capacity 16440K, committed 16640K, reserved 1064960K
  class space    used 1769K, capacity 1948K, committed 2048K, reserved 1048576K
}
Event: 6.484 GC heap after
{Heap after GC invocations=4 (full 0):
 garbage-first heap   total 65536K, used 10654K [0x00000000c1600000, 0x0000000100000000)
  region size 1024K, 2 young (2048K), 2 survivors (2048K)
 Metaspace       used 15986K, capacity 16440K, committed 16640K, reserved 1064960K
  class space    used 1769K, capacity 1948K, committed 2048K, reserved 1048576K
}
Event: 6.804 GC heap before
{Heap before GC invocations=4 (full 0):
 garbage-first heap   total 65536K, used 43422K [0x00000000c1600000, 0x0000000100000000)
  region size 1024K, 34 young (34816K), 2 survivors (2048K)
 Metaspace       used 16474K, capacity 16965K, committed 17280K, reserved 1064960K
  class space    used 1855K, capacity 2064K, committed 2176K, reserved 1048576K
}
Event: 6.846 GC heap after
{Heap after GC invocations=5 (full 0):
 garbage-first heap   total 65536K, used 10708K [0x00000000c1600000, 0x0000000100000000)
  region size 1024K, 2 young (2048K), 2 survivors (2048K)
 Metaspace       used 16474K, capacity 16965K, committed 17280K, reserved 1064960K
  class space    used 1855K, capacity 2064K, committed 2176K, reserved 1048576K
}
Event: 8.655 GC heap before
{Heap before GC invocations=5 (full 0):
 garbage-first heap   total 65536K, used 42452K [0x00000000c1600000, 0x0000000100000000)
  region size 1024K, 34 young (34816K), 2 survivors (2048K)
 Metaspace       used 20517K, capacity 21232K, committed 21504K, reserved 1069056K
  class space    used 2456K, capacity 2754K, committed 2816K, reserved 1048576K
}
Event: 8.662 GC heap after
{Heap after GC invocations=6 (full 0):
 garbage-first heap   total 65536K, used 12133K [0x00000000c1600000, 0x0000000100000000)
  region size 1024K, 3 young (3072K), 3 survivors (3072K)
 Metaspace       used 20517K, capacity 21232K, committed 21504K, reserved 1069056K
  class space    used 2456K, capacity 2754K, committed 2816K, reserved 1048576K
}
Event: 9.226 GC heap before
{Heap before GC invocations=7 (full 0):
 garbage-first heap   total 65536K, used 47973K [0x00000000c1600000, 0x0000000100000000)
  region size 1024K, 38 young (38912K), 3 survivors (3072K)
 Metaspace       used 24443K, capacity 25221K, committed 25472K, reserved 1071104K
  class space    used 3031K, capacity 3355K, committed 3456K, reserved 1048576K
}
Event: 9.235 GC heap after
{Heap after GC invocations=8 (full 0):
 garbage-first heap   total 65536K, used 13154K [0x00000000c1600000, 0x0000000100000000)
  region size 1024K, 4 young (4096K), 4 survivors (4096K)
 Metaspace       used 24443K, capacity 25221K, committed 25472K, reserved 1071104K
  class space    used 3031K, capacity 3355K, committed 3456K, reserved 1048576K
}
Event: 9.883 GC heap before
{Heap before GC invocations=8 (full 0):
 garbage-first heap   total 65536K, used 46946K [0x00000000c1600000, 0x0000000100000000)
  region size 1024K, 38 young (38912K), 4 survivors (4096K)
 Metaspace       used 27593K, capacity 28389K, committed 28416K, reserved 1073152K
  class space    used 3472K, capacity 3815K, committed 3840K, reserved 1048576K
}
Event: 9.892 GC heap after
{Heap after GC invocations=9 (full 0):
 garbage-first heap   total 65536K, used 14113K [0x00000000c1600000, 0x0000000100000000)
  region size 1024K, 4 young (4096K), 4 survivors (4096K)
 Metaspace       used 27593K, capacity 28389K, committed 28416K, reserved 1073152K
  class space    used 3472K, capacity 3815K, committed 3840K, reserved 1048576K
}

Deoptimization events (0 events):
No events

Classes redefined (0 events):
No events

Internal exceptions (10 events):
Event: 9.209 Thread 0x0000025eaeb01000 Exception <a 'java/lang/ClassNotFoundException'{0x00000000c32bd3a0}: org/springframework/beans/factory/BeanClassLoaderAwareCustomizer> (0x00000000c32bd3a0) thrown at [./open/src/hotspot/share/classfile/systemDictionary.cpp, line 228]
Event: 9.211 Thread 0x0000025eaeb01000 Exception <a 'java/lang/ClassNotFoundException'{0x00000000c32d3a60}: org/springframework/beans/factory/AwareCustomizer> (0x00000000c32d3a60) thrown at [./open/src/hotspot/share/classfile/systemDictionary.cpp, line 228]
Event: 9.212 Thread 0x0000025eaeb01000 Exception <a 'java/lang/ClassNotFoundException'{0x00000000c32ea430}: org/springframework/context/EnvironmentAwareCustomizer> (0x00000000c32ea430) thrown at [./open/src/hotspot/share/classfile/systemDictionary.cpp, line 228]
Event: 9.214 Thread 0x0000025eaeb01000 Exception <a 'java/lang/ClassNotFoundException'{0x00000000c3041c00}: org/springframework/beans/factory/AwareCustomizer> (0x00000000c3041c00) thrown at [./open/src/hotspot/share/classfile/systemDictionary.cpp, line 228]
Event: 9.575 Thread 0x0000025eadb20000 Exception <a 'java/lang/reflect/InvocationTargetException'{0x00000000c4163720}> (0x00000000c4163720) thrown at [./open/src/hotspot/share/runtime/reflection.cpp, line 1242]
Event: 9.659 Thread 0x0000025eaec8b800 Exception <a 'java/lang/NoSuchMethodError'{0x00000000c3e8da68}: java.lang.invoke.DirectMethodHandle$Holder.invokeStaticInit(Ljava/lang/Object;Ljava/lang/Object;Ljava/lang/Object;Ljava/lang/Object;Ljava/lang/Object;)Ljava/lang/Object;> (0x00000000c3e8da68)
Event: 9.677 Thread 0x0000025eaec8b800 Exception <a 'java/lang/NoSuchMethodError'{0x00000000c3d93660}: java.lang.invoke.DirectMethodHandle$Holder.invokeSpecial(Ljava/lang/Object;Ljava/lang/Object;IILjava/lang/Object;Ljava/lang/Object;Ljava/lang/Object;)Ljava/lang/Object;> (0x00000000c3d93660) 
Event: 9.677 Thread 0x0000025eaec8b800 Exception <a 'java/lang/NoSuchMethodError'{0x00000000c3d96be8}: java.lang.invoke.DelegatingMethodHandle$Holder.reinvoke_L(Ljava/lang/Object;IILjava/lang/Object;Ljava/lang/Object;Ljava/lang/Object;)Ljava/lang/Object;> (0x00000000c3d96be8) thrown at [./open
Event: 9.679 Thread 0x0000025eaec8b800 Exception <a 'java/lang/NoSuchMethodError'{0x00000000c3d9a9c8}: java.lang.invoke.DirectMethodHandle$Holder.invokeStatic(Ljava/lang/Object;Ljava/lang/Object;Ljava/lang/Object;Ljava/lang/Object;I)Ljava/lang/Object;> (0x00000000c3d9a9c8) thrown at [./open/sr
Event: 10.080 Thread 0x0000025eadb20000 Exception <a 'java/lang/reflect/InvocationTargetException'{0x00000000c52cf180}> (0x00000000c52cf180) thrown at [./open/src/hotspot/share/runtime/reflection.cpp, line 1242]

Events (10 events):
Event: 10.332 loading class com/fasterxml/jackson/databind/SerializationFeature
Event: 10.332 loading class com/fasterxml/jackson/databind/SerializationFeature done
Event: 10.336 loading class com/fasterxml/jackson/databind/cfg/ContextAttributes
Event: 10.336 loading class com/fasterxml/jackson/databind/cfg/ContextAttributes done
Event: 10.338 loading class com/fasterxml/jackson/databind/cfg/ContextAttributes$Impl
Event: 10.338 loading class com/fasterxml/jackson/databind/cfg/ContextAttributes$Impl done
Event: 10.345 loading class com/fasterxml/jackson/databind/DeserializationFeature
Event: 10.345 loading class com/fasterxml/jackson/databind/DeserializationFeature done
Event: 10.347 loading class com/fasterxml/jackson/databind/node/JsonNodeFactory
Event: 10.347 loading class com/fasterxml/jackson/databind/node/JsonNodeFactory done


Dynamic libraries:
0x00007ff68b160000 - 0x00007ff68b16f000 	C:\Program Files\Java\jdk-11.0.11\bin\javaw.exe
0x00007ff893910000 - 0x00007ff893b05000 	C:\Windows\SYSTEM32\ntdll.dll
0x00007ff893730000 - 0x00007ff8937ed000 	C:\Windows\System32\KERNEL32.DLL
0x00007ff891110000 - 0x00007ff8913d8000 	C:\Windows\System32\KERNELBASE.dll
0x00007ff8913e0000 - 0x00007ff8914e0000 	C:\Windows\System32\ucrtbase.dll
0x00007ff884470000 - 0x00007ff884488000 	C:\Program Files\Java\jdk-11.0.11\bin\jli.dll
0x00007ff8937f0000 - 0x00007ff89389c000 	C:\Windows\System32\ADVAPI32.dll
0x00007ff8921b0000 - 0x00007ff89224e000 	C:\Windows\System32\msvcrt.dll
0x00007ff8935c0000 - 0x00007ff89365b000 	C:\Windows\System32\sechost.dll
0x00007ff891950000 - 0x00007ff891a7b000 	C:\Windows\System32\RPCRT4.dll
0x00007ff88ba40000 - 0x00007ff88ba55000 	C:\Program Files\Java\jdk-11.0.11\bin\VCRUNTIME140.dll
0x00007ff87f850000 - 0x00007ff87faea000 	C:\Windows\WinSxS\amd64_microsoft.windows.common-controls_6595b64144ccf1df_6.0.19041.1052_none_60b8f8fd71f5e8cb\COMCTL32.dll
0x00007ff8933c0000 - 0x00007ff893560000 	C:\Windows\System32\USER32.dll
0x00007ff8924f0000 - 0x00007ff89251a000 	C:\Windows\System32\GDI32.dll
0x00007ff891580000 - 0x00007ff89168b000 	C:\Windows\System32\gdi32full.dll
0x00007ff8914e0000 - 0x00007ff89157d000 	C:\Windows\System32\msvcp_win.dll
0x00007ff891790000 - 0x00007ff8917b2000 	C:\Windows\System32\win32u.dll
0x00007ff88b490000 - 0x00007ff88b49a000 	C:\Windows\SYSTEM32\VERSION.dll
0x00007ff892ab0000 - 0x00007ff892ae0000 	C:\Windows\System32\IMM32.DLL
0x00007ff83edf0000 - 0x00007ff83ee8b000 	C:\Program Files\Java\jdk-11.0.11\bin\msvcp140.dll
0x00007ff82c9c0000 - 0x00007ff82d4be000 	C:\Program Files\Java\jdk-11.0.11\bin\server\jvm.dll
0x00007ff892450000 - 0x00007ff892458000 	C:\Windows\System32\PSAPI.DLL
0x00007ff889720000 - 0x00007ff889729000 	C:\Windows\SYSTEM32\WSOCK32.dll
0x00007ff8866c0000 - 0x00007ff8866e7000 	C:\Windows\SYSTEM32\WINMM.dll
0x00007ff892540000 - 0x00007ff8925ab000 	C:\Windows\System32\WS2_32.dll
0x00007ff88f900000 - 0x00007ff88f912000 	C:\Windows\SYSTEM32\kernel.appcore.dll
0x00007ff8849a0000 - 0x00007ff8849b0000 	C:\Program Files\Java\jdk-11.0.11\bin\verify.dll
0x00007ff88f6a0000 - 0x00007ff88f884000 	C:\Windows\SYSTEM32\DBGHELP.DLL
0x00007ff87e270000 - 0x00007ff87e29c000 	C:\Windows\SYSTEM32\dbgcore.DLL
0x00007ff891080000 - 0x00007ff891103000 	C:\Windows\System32\bcryptPrimitives.dll
0x00007ff86db40000 - 0x00007ff86db68000 	C:\Program Files\Java\jdk-11.0.11\bin\java.dll
0x00007ff880ea0000 - 0x00007ff880eaa000 	C:\Program Files\Java\jdk-11.0.11\bin\jimage.dll
0x00007ff872e80000 - 0x00007ff872e96000 	C:\Program Files\Java\jdk-11.0.11\bin\zip.dll
0x00007ff892ae0000 - 0x00007ff89321f000 	C:\Windows\System32\SHELL32.dll
0x00007ff88ee40000 - 0x00007ff88f5d0000 	C:\Windows\SYSTEM32\windows.storage.dll
0x00007ff8925b0000 - 0x00007ff892905000 	C:\Windows\System32\combase.dll
0x00007ff8909c0000 - 0x00007ff8909ec000 	C:\Windows\SYSTEM32\Wldp.dll
0x00007ff893300000 - 0x00007ff8933ae000 	C:\Windows\System32\SHCORE.dll
0x00007ff893560000 - 0x00007ff8935b5000 	C:\Windows\System32\shlwapi.dll
0x00007ff890f60000 - 0x00007ff890f7f000 	C:\Windows\SYSTEM32\profapi.dll
0x00007ff86e640000 - 0x00007ff86e659000 	C:\Program Files\Java\jdk-11.0.11\bin\net.dll
0x00007ff8866f0000 - 0x00007ff8867fb000 	C:\Windows\SYSTEM32\WINHTTP.dll
0x00007ff890710000 - 0x00007ff89077a000 	C:\Windows\system32\mswsock.dll
0x00007ff8690f0000 - 0x00007ff869102000 	C:\Program Files\Java\jdk-11.0.11\bin\nio.dll
0x00007ff872130000 - 0x00007ff872139000 	C:\Program Files\Java\jdk-11.0.11\bin\management.dll
0x00007ff8719a0000 - 0x00007ff8719ab000 	C:\Program Files\Java\jdk-11.0.11\bin\management_ext.dll
0x00007ff87a030000 - 0x00007ff87a047000 	C:\Windows\system32\napinsp.dll
0x00007ff87a010000 - 0x00007ff87a02b000 	C:\Windows\system32\pnrpnsp.dll
0x00007ff879ff0000 - 0x00007ff87a005000 	C:\Windows\system32\wshbth.dll
0x00007ff88c8d0000 - 0x00007ff88c8ed000 	C:\Windows\system32\NLAapi.dll
0x00007ff8903f0000 - 0x00007ff89042b000 	C:\Windows\SYSTEM32\IPHLPAPI.DLL
0x00007ff890430000 - 0x00007ff8904fc000 	C:\Windows\SYSTEM32\DNSAPI.dll
0x00007ff8933b0000 - 0x00007ff8933b8000 	C:\Windows\System32\NSI.dll
0x00007ff879fd0000 - 0x00007ff879fe2000 	C:\Windows\System32\winrnr.dll
0x00007ff8865b0000 - 0x00007ff8865ba000 	C:\Windows\System32\rasadhlp.dll
0x00007ff8884e0000 - 0x00007ff88855f000 	C:\Windows\System32\fwpuclnt.dll
0x00007ff8917c0000 - 0x00007ff8917e7000 	C:\Windows\System32\bcrypt.dll
0x00007ff890910000 - 0x00007ff890928000 	C:\Windows\SYSTEM32\CRYPTSP.dll
0x00007ff890090000 - 0x00007ff8900c4000 	C:\Windows\system32\rsaenh.dll
0x00007ff890f20000 - 0x00007ff890f4e000 	C:\Windows\SYSTEM32\USERENV.dll
0x00007ff890900000 - 0x00007ff89090c000 	C:\Windows\SYSTEM32\CRYPTBASE.dll
0x00007ff889d50000 - 0x00007ff889d67000 	C:\Windows\SYSTEM32\dhcpcsvc6.DLL
0x00007ff88a2e0000 - 0x00007ff88a2fd000 	C:\Windows\SYSTEM32\dhcpcsvc.DLL

dbghelp: loaded successfully - version: 4.0.5 - missing functions: none
symbol engine: initialized successfully - sym options: 0x614 - pdb path: .;C:\Program Files\Java\jdk-11.0.11\bin;C:\Windows\SYSTEM32;C:\Windows\WinSxS\amd64_microsoft.windows.common-controls_6595b64144ccf1df_6.0.19041.1052_none_60b8f8fd71f5e8cb;C:\Program Files\Java\jdk-11.0.11\bin\server

VM Arguments:
jvm_args: -Dcom.sun.management.jmxremote -Dcom.sun.management.jmxremote.port=58353 -Dcom.sun.management.jmxremote.authenticate=false -Dcom.sun.management.jmxremote.ssl=false -Djava.rmi.server.hostname=localhost -Dspring.jmx.enabled=true -Dspring.application.admin.enabled=true -XX:TieredStopAtLevel=1 -Dspring.boot.project.name=Authentication-Microservice -Dfile.encoding=UTF-8 
java_command: com.cognizant.AuthenticationApplication
java_class_path (initial): C:\Users\LENOVO\Desktop\Cognizant Final Project\Project Final Backend\Authentication-Microservice\target\classes;C:\Users\LENOVO\.p2\pool\plugins\org.junit_4.13.0.v20200204-1500.jar;C:\Users\LENOVO\.p2\pool\plugins\org.hamcrest.core_1.3.0.v20180420-1519.jar;C:\Users\LENOVO\.m2\repository\org\springframework\boot\spring-boot-starter-data-jpa\2.5.1\spring-boot-starter-data-jpa-2.5.1.jar;C:\Users\LENOVO\.m2\repository\org\springframework\boot\spring-boot-starter-aop\2.5.1\spring-boot-starter-aop-2.5.1.jar;C:\Users\LENOVO\.m2\repository\org\aspectj\aspectjweaver\1.9.6\aspectjweaver-1.9.6.jar;C:\Users\LENOVO\.m2\repository\org\springframework\boot\spring-boot-starter-jdbc\2.5.1\spring-boot-starter-jdbc-2.5.1.jar;C:\Users\LENOVO\.m2\repository\com\zaxxer\HikariCP\4.0.3\HikariCP-4.0.3.jar;C:\Users\LENOVO\.m2\repository\org\springframework\spring-jdbc\5.3.8\spring-jdbc-5.3.8.jar;C:\Users\LENOVO\.m2\repository\jakarta\transaction\jakarta.transaction-api\1.3.3\jakarta.transaction-api-1.3.3.jar;C:\Users\LENOVO\.m2\repository\jakarta\persistence\jakarta.persistence-api\2.2.3\jakarta.persistence-api-2.2.3.jar;C:\Users\LENOVO\.m2\repository\org\hibernate\hibernate-core\5.4.32.Final\hibernate-core-5.4.32.Final.jar;C:\Users\LENOVO\.m2\repository\org\jboss\logging\jboss-logging\3.4.2.Final\jboss-logging-3.4.2.Final.jar;C:\Users\LENOVO\.m2\repository\org\javassist\javassist\3.27.0-GA\javassist-3.27.0-GA.jar;C:\Users\LENOVO\.m2\repository\net\bytebuddy\byte-buddy\1.10.22\byte-buddy-1.10.22.jar;C:\Users\LENOVO\.m2\repository\antlr\antlr\2.7.7\antlr-2.7.7.jar;C:\Users\LENOVO\.m2\repository\org\jboss\jandex\2.2.3.Final\jandex-2.2.3.Final.jar;C:\Users\LENOVO\.m2\repository\org\dom4j\dom4j\2.1.3\dom4j-2.1.3.jar;C:\Users\LENOVO\.m2\repository\org\hibernate\common\hibernate-commons-annotations\5.1.2.Final\hibernate-commons-annotations-5.1.2.Final.jar;C:\Users\LENOVO\.m2\repository\org\glassfish\jaxb\jaxb-runtime\2.3.4\jaxb-runtime-2.3.4.jar;C:\Users\LENOVO\.m2\re
Launcher Type: SUN_STANDARD

[Global flags]
     intx CICompilerCount                          = 3                                         {product} {ergonomic}
     uint ConcGCThreads                            = 1                                         {product} {ergonomic}
     uint G1ConcRefinementThreads                  = 4                                         {product} {ergonomic}
   size_t G1HeapRegionSize                         = 1048576                                   {product} {ergonomic}
    uintx GCDrainStackTargetSize                   = 64                                        {product} {ergonomic}
   size_t InitialHeapSize                          = 67108864                                  {product} {ergonomic}
     bool ManagementServer                         = true                                      {product} {command line}
   size_t MarkStackSize                            = 4194304                                   {product} {ergonomic}
   size_t MaxHeapSize                              = 1050673152                                {product} {ergonomic}
   size_t MaxNewSize                               = 630194176                                 {product} {ergonomic}
   size_t MinHeapDeltaBytes                        = 1048576                                   {product} {ergonomic}
    uintx NonNMethodCodeHeapSize                   = 6973028                                {pd product} {ergonomic}
    uintx NonProfiledCodeHeapSize                  = 244685212                              {pd product} {ergonomic}
    uintx ProfiledCodeHeapSize                     = 0                                      {pd product} {ergonomic}
    uintx ReservedCodeCacheSize                    = 251658240                              {pd product} {ergonomic}
     bool SegmentedCodeCache                       = true                                      {product} {ergonomic}
     intx TieredStopAtLevel                        = 1                                         {product} {command line}
     bool UseCompressedClassPointers               = true                                 {lp64_product} {ergonomic}
     bool UseCompressedOops                        = true                                 {lp64_product} {ergonomic}
     bool UseG1GC                                  = true                                      {product} {ergonomic}
     bool UseLargePagesIndividualAllocation        = false                                  {pd product} {ergonomic}

Logging:
Log output configuration:
 #0: stdout all=warning uptime,level,tags
 #1: stderr all=off uptime,level,tags

Environment Variables:
JAVA_HOME=C:\Program Files\Java\jdk-11.0.11\bin
PATH=C:\Python39\Scripts\;C:\Python39\;C:\Program Files\Common Files\Oracle\Java\javapath;C:\Windows\system32;C:\Windows;C:\Windows\System32\Wbem;C:\Windows\System32\WindowsPowerShell\v1.0\;C:\Windows\System32\OpenSSH\;C:\Program Files\Git\cmd;C:\Program Files\nodejs\;C:\ProgramData\chocolatey\bin;C:\Program Files\PuTTY\;C:\Program Files\Docker\Docker\resources\bin;C:\ProgramData\DockerDesktop\version-bin;C:\Program Files\Amazon\AWSCLIV2\;C:\Program Files\MySQL\MySQL Shell 8.0\bin\;C:\Users\LENOVO\AppData\Local\Microsoft\WindowsApps;C:\Program Files\Java\jdk-11.0.11\bin;C:\Users\LENOVO\Desktop\apache-maven-3.8.1-bin\apache-maven-3.8.1\bin;C:\Users\LENOVO\AppData\Roaming\npm;C:\Users\LENOVO\AppData\Local\Programs\Microsoft VS Code\bin;C:\Users\LENOVO\Desktop\apache-tomcat-9.0.46;
USERNAME=LENOVO
OS=Windows_NT
PROCESSOR_IDENTIFIER=Intel64 Family 6 Model 142 Stepping 10, GenuineIntel



---------------  S Y S T E M  ---------------

OS: Windows 10 , 64 bit Build 19041 (10.0.19041.1023)
Hyper-V role detected

CPU:total 4 (initial active 4) (2 cores per cpu, 2 threads per core) family 6 model 142 stepping 10 microcode 0xe0, cmov, cx8, fxsr, mmx, sse, sse2, sse3, ssse3, sse4.1, sse4.2, popcnt, avx, avx2, aes, clmul, erms, 3dnowpref, lzcnt, ht, tsc, tscinvbit, bmi1, bmi2, adx, fma

Memory: 4k page, system-wide physical 4005M (208M free)
TotalPageFile size 16293M (AvailPageFile size 1M)
current process WorkingSet (physical memory assigned to process): 126M, peak: 126M
current process commit charge ("private bytes"): 175M, peak: 175M

vm_info: Java HotSpot(TM) 64-Bit Server VM (11.0.11+9-LTS-194) for windows-amd64 JRE (11.0.11+9-LTS-194), built on Mar 18 2021 18:46:53 by "mach5one" with MS VC++ 15.9 (VS2017)

END.
